<?xml version="1.0" encoding="UTF-8"?>
<!-- Generated by org.testng.reporters.JUnitReportReporter -->
<testsuite hostname="LAPTOP-D4RH5SI9" failures="0" tests="1" name="CRUDWithoutBDD.getProjects" time="3.689" errors="0" timestamp="2023-12-20T12:29:39 GMT+05:30" skipped="0">
  <testcase classname="CRUDWithoutBDD.getProjects" name="getProjs" time="3.689"/>
  <system-out/>
</testsuite> <!-- CRUDWithoutBDD.getProjects -->
