<?xml version="1.0" encoding="UTF-8"?>
<!-- Generated by org.testng.reporters.JUnitReportReporter -->
<testsuite hostname="LAPTOP-D4RH5SI9" failures="0" tests="1" name="Validation.staticResponseTest" time="7.020" errors="0" timestamp="2023-12-21T11:00:13 GMT+05:30" skipped="0">
  <testcase classname="Validation.staticResponseTest" name="test" time="7.020"/>
  <system-out/>
</testsuite> <!-- Validation.staticResponseTest -->
