<?xml version="1.0" encoding="UTF-8"?>
<!-- Generated by org.testng.reporters.JUnitReportReporter -->
<testsuite hostname="LAPTOP-D4RH5SI9" failures="0" tests="1" name="Validation.dynamicResponsePath" time="7.110" errors="0" timestamp="2023-12-21T11:11:30 GMT+05:30" skipped="0">
  <testcase classname="Validation.dynamicResponsePath" name="test" time="7.110"/>
  <system-out/>
</testsuite> <!-- Validation.dynamicResponsePath -->
