<?xml version="1.0" encoding="UTF-8"?>
<!-- Generated by org.testng.reporters.JUnitReportReporter -->
<testsuite hostname="LAPTOP-D4RH5SI9" failures="0" tests="1" name="ReqreswithoutBDD.fetchUsers" time="3.622" errors="0" timestamp="2023-12-20T13:10:07 GMT+05:30" skipped="0">
  <testcase classname="ReqreswithoutBDD.fetchUsers" name="get" time="3.622"/>
  <system-out/>
</testsuite> <!-- ReqreswithoutBDD.fetchUsers -->
