<?xml version="1.0" encoding="UTF-8"?>
<!-- Generated by org.testng.reporters.JUnitReportReporter -->
<testsuite hostname="LAPTOP-D4RH5SI9" failures="0" tests="1" name="Mock.PostUsingDifferentWays" time="6.888" errors="0" timestamp="2024-01-01T14:30:36 GMT+05:30" skipped="0">
  <testcase classname="Mock.PostUsingDifferentWays" name="pojo" time="6.888"/>
  <system-out/>
</testsuite> <!-- Mock.PostUsingDifferentWays -->
