<?xml version="1.0" encoding="UTF-8"?>
<!-- Generated by org.testng.reporters.JUnitReportReporter -->
<testsuite hostname="LAPTOP-D4RH5SI9" failures="0" tests="1" name="Mock.SerialDeserial" time="0.589" errors="0" timestamp="2024-01-01T16:40:07 GMT+05:30" skipped="0">
  <testcase classname="Mock.SerialDeserial" name="deserialObject" time="0.589"/>
  <system-out/>
</testsuite> <!-- Mock.SerialDeserial -->
