<?xml version="1.0" encoding="UTF-8"?>
<!-- Generated by org.testng.reporters.JUnitReportReporter -->
<testsuite hostname="LAPTOP-D4RH5SI9" failures="0" tests="4" name="Reqres.DataDrivenTesting" time="7.611" errors="0" timestamp="2023-12-25T13:24:04 GMT+05:30" skipped="0">
  <testcase classname="Reqres.DataDrivenTesting" name="test" time="5.941"/>
  <system-out/>
  <testcase classname="Reqres.DataDrivenTesting" name="test" time="0.566"/>
  <system-out/>
  <testcase classname="Reqres.DataDrivenTesting" name="test" time="0.513"/>
  <system-out/>
  <testcase classname="Reqres.DataDrivenTesting" name="test" time="0.591"/>
  <system-out/>
</testsuite> <!-- Reqres.DataDrivenTesting -->
