<?xml version="1.0" encoding="UTF-8"?>
<!-- Generated by org.testng.reporters.JUnitReportReporter -->
<testsuite hostname="LAPTOP-D4RH5SI9" failures="0" tests="1" name="ReqreswithBDD.getUsers" time="4.383" errors="0" timestamp="2023-12-20T15:55:56 GMT+05:30" skipped="0">
  <testcase classname="ReqreswithBDD.getUsers" name="get" time="4.383"/>
  <system-out/>
</testsuite> <!-- ReqreswithBDD.getUsers -->
