<?xml version="1.0" encoding="UTF-8"?>
<!-- Generated by org.testng.reporters.JUnitReportReporter -->
<testsuite hostname="LAPTOP-D4RH5SI9" failures="0" tests="1" name="CRUDwithBDD.getProject" time="3.270" errors="0" timestamp="2023-12-20T15:32:52 GMT+05:30" skipped="0">
  <testcase classname="CRUDwithBDD.getProject" name="get" time="3.270"/>
  <system-out/>
</testsuite> <!-- CRUDwithBDD.getProject -->
