<?xml version="1.0" encoding="UTF-8"?>
<!-- Generated by org.testng.reporters.JUnitReportReporter -->
<testsuite hostname="LAPTOP-D4RH5SI9" failures="0" tests="1" name="Cookies.Cookies" time="4.098" errors="0" timestamp="2023-12-26T22:26:34 GMT+05:30" skipped="0">
  <testcase classname="Cookies.Cookies" name="fetchCookies" time="4.098"/>
  <system-out/>
</testsuite> <!-- Cookies.Cookies -->
