<?xml version="1.0" encoding="UTF-8"?>
<!-- Generated by org.testng.reporters.JUnitReportReporter -->
<testsuite hostname="LAPTOP-D4RH5SI9" failures="0" tests="1" name="DiffWaysToPostRequest.CRUDwithoutBDD" time="5.638" errors="0" timestamp="2023-12-21T17:13:18 GMT+05:30" skipped="0">
  <testcase classname="DiffWaysToPostRequest.CRUDwithoutBDD" name="delete" time="5.638"/>
  <system-out/>
</testsuite> <!-- DiffWaysToPostRequest.CRUDwithoutBDD -->
