<?xml version="1.0" encoding="UTF-8"?>
<!-- Generated by org.testng.reporters.JUnitReportReporter -->
<testsuite hostname="LAPTOP-D4RH5SI9" failures="0" tests="1" name="Authentication.BearerToken" time="5.014" errors="0" timestamp="2023-12-22T10:44:44 GMT+05:30" skipped="0">
  <testcase classname="Authentication.BearerToken" name="getRepo" time="5.014"/>
  <system-out/>
</testsuite> <!-- Authentication.BearerToken -->
