<?xml version="1.0" encoding="UTF-8"?>
<!-- Generated by org.testng.reporters.JUnitReportReporter -->
<testsuite hostname="LAPTOP-D4RH5SI9" failures="0" tests="1" name="CRUDWithoutBDD.completeUpdate" time="4.165" errors="0" timestamp="2023-12-20T12:42:06 GMT+05:30" skipped="0">
  <testcase classname="CRUDWithoutBDD.completeUpdate" name="completeModify" time="4.165"/>
  <system-out/>
</testsuite> <!-- CRUDWithoutBDD.completeUpdate -->
