<?xml version="1.0" encoding="UTF-8"?>
<!-- Generated by org.testng.reporters.JUnitReportReporter -->
<testsuite hostname="LAPTOP-D4RH5SI9" failures="0" tests="1" name="Reqres.ComplexResponseValidation" time="5.145" errors="0" timestamp="2023-12-25T11:33:30 GMT+05:30" skipped="0">
  <testcase classname="Reqres.ComplexResponseValidation" name="responseTimeValidation" time="5.145"/>
  <system-out/>
</testsuite> <!-- Reqres.ComplexResponseValidation -->
