<?xml version="1.0" encoding="UTF-8"?>
<!-- Generated by org.testng.reporters.JUnitReportReporter -->
<testsuite hostname="LAPTOP-D4RH5SI9" failures="0" tests="1" name="CRUDWithPOJO.createProject" time="6.476" errors="0" timestamp="2023-12-21T10:05:58 GMT+05:30" skipped="0">
  <testcase classname="CRUDWithPOJO.createProject" name="create" time="6.476"/>
  <system-out/>
</testsuite> <!-- CRUDWithPOJO.createProject -->
