<?xml version="1.0" encoding="UTF-8"?>
<!-- Generated by org.testng.reporters.JUnitReportReporter -->
<testsuite hostname="LAPTOP-D4RH5SI9" failures="0" tests="1" name="ReqreswithoutBDD.updateUser" time="4.647" errors="0" timestamp="2023-12-20T13:02:18 GMT+05:30" skipped="0">
  <testcase classname="ReqreswithoutBDD.updateUser" name="put" time="4.647"/>
  <system-out/>
</testsuite> <!-- ReqreswithoutBDD.updateUser -->
