<?xml version="1.0" encoding="UTF-8"?>
<!-- Generated by org.testng.reporters.JUnitReportReporter -->
<testsuite hostname="LAPTOP-D4RH5SI9" failures="0" tests="1" name="SerialDeserialization.Simple" time="0.465" errors="0" timestamp="2023-12-26T21:34:08 GMT+05:30" skipped="0">
  <testcase classname="SerialDeserialization.Simple" name="deserialise" time="0.465"/>
  <system-out/>
</testsuite> <!-- SerialDeserialization.Simple -->
