<?xml version="1.0" encoding="UTF-8"?>
<!-- Generated by org.testng.reporters.JUnitReportReporter -->
<testsuite hostname="LAPTOP-D4RH5SI9" failures="0" tests="1" name="Mock.ComplexResponse" time="5.568" errors="0" timestamp="2024-01-01T15:03:03 GMT+05:30" skipped="0">
  <testcase classname="Mock.ComplexResponse" name="requestChaining" time="5.568"/>
  <system-out/>
</testsuite> <!-- Mock.ComplexResponse -->
