<?xml version="1.0" encoding="UTF-8"?>
<!-- Generated by org.testng.reporters.JUnitReportReporter -->
<testsuite hostname="LAPTOP-D4RH5SI9" failures="0" tests="1" name="CRUDWithoutBDD.CreateProject" time="4.286" errors="0" timestamp="2023-12-20T11:39:05 GMT+05:30" skipped="0">
  <testcase classname="CRUDWithoutBDD.CreateProject" name="createProject" time="4.286"/>
  <system-out/>
</testsuite> <!-- CRUDWithoutBDD.CreateProject -->
