<?xml version="1.0" encoding="UTF-8"?>
<!-- Generated by org.testng.reporters.JUnitReportReporter -->
<testsuite hostname="LAPTOP-D4RH5SI9" failures="0" tests="1" name="Reqres.Authentication" time="5.210" errors="0" timestamp="2023-12-25T13:05:23 GMT+05:30" skipped="0">
  <testcase classname="Reqres.Authentication" name="Oauth2" time="5.210"/>
  <system-out/>
</testsuite> <!-- Reqres.Authentication -->
