<?xml version="1.0" encoding="UTF-8"?>
<!-- Generated by org.testng.reporters.JUnitReportReporter -->
<testsuite hostname="LAPTOP-D4RH5SI9" failures="0" tests="1" name="Interview.ReqResBuilder" time="6.336" errors="0" timestamp="2023-12-22T12:29:36 GMT+05:30" skipped="0">
  <testcase classname="Interview.ReqResBuilder" name="test" time="6.336"/>
  <system-out/>
</testsuite> <!-- Interview.ReqResBuilder -->
