<?xml version="1.0" encoding="UTF-8"?>
<!-- Generated by org.testng.reporters.JUnitReportReporter -->
<testsuite hostname="LAPTOP-D4RH5SI9" failures="0" tests="1" name="ReqreswithoutBDD.createUser" time="5.745" errors="0" timestamp="2023-12-20T12:55:46 GMT+05:30" skipped="0">
  <testcase classname="ReqreswithoutBDD.createUser" name="create" time="5.745"/>
  <system-out/>
</testsuite> <!-- ReqreswithoutBDD.createUser -->
