<?xml version="1.0" encoding="UTF-8"?>
<!-- Generated by org.testng.reporters.JUnitReportReporter -->
<testsuite hostname="LAPTOP-D4RH5SI9" failures="0" tests="1" name="petStore.CRUDWithoutBDD" time="4.324" errors="0" timestamp="2023-12-24T15:16:26 GMT+05:30" skipped="0">
  <testcase classname="petStore.CRUDWithoutBDD" name="deleteUser" time="4.324"/>
  <system-out/>
</testsuite> <!-- petStore.CRUDWithoutBDD -->
