<?xml version="1.0" encoding="UTF-8"?>
<!-- Generated by org.testng.reporters.JUnitReportReporter -->
<testsuite hostname="LAPTOP-D4RH5SI9" failures="0" tests="1" name="Parameters.Parameter" time="3.897" errors="0" timestamp="2023-12-21T12:28:42 GMT+05:30" skipped="0">
  <testcase classname="Parameters.Parameter" name="formParameterTest" time="3.897"/>
  <system-out/>
</testsuite> <!-- Parameters.Parameter -->
