<?xml version="1.0" encoding="UTF-8"?>
<!-- Generated by org.testng.reporters.JUnitReportReporter -->
<testsuite hostname="LAPTOP-D4RH5SI9" failures="0" tests="1" name="petstoreWithoutBDD.createUser" time="7.780" errors="0" timestamp="2023-12-21T09:20:28 GMT+05:30" skipped="0">
  <testcase classname="petstoreWithoutBDD.createUser" name="create" time="7.780"/>
  <system-out/>
</testsuite> <!-- petstoreWithoutBDD.createUser -->
