<?xml version="1.0" encoding="UTF-8"?>
<!-- Generated by org.testng.reporters.JUnitReportReporter -->
<testsuite hostname="LAPTOP-D4RH5SI9" failures="0" tests="1" name="Interview.SchemaValidation" time="5.206" errors="0" timestamp="2023-12-22T13:09:33 GMT+05:30" skipped="0">
  <testcase classname="Interview.SchemaValidation" name="schema" time="5.206"/>
  <system-out/>
</testsuite> <!-- Interview.SchemaValidation -->
