<?xml version="1.0" encoding="UTF-8"?>
<!-- Generated by org.testng.reporters.JUnitReportReporter -->
<testsuite hostname="LAPTOP-D4RH5SI9" failures="0" tests="1" name="ReqreswithoutBDD.deleteUser" time="7.595" errors="0" timestamp="2023-12-20T13:21:22 GMT+05:30" skipped="0">
  <testcase classname="ReqreswithoutBDD.deleteUser" name="delete" time="7.595"/>
  <system-out/>
</testsuite> <!-- ReqreswithoutBDD.deleteUser -->
