<?xml version="1.0" encoding="UTF-8"?>
<!-- Generated by org.testng.reporters.JUnitReportReporter -->
<testsuite hostname="LAPTOP-D4RH5SI9" failures="0" tests="1" name="ReqreswithBDD.updateUser" time="5.577" errors="0" timestamp="2023-12-20T16:06:40 GMT+05:30" skipped="0">
  <testcase classname="ReqreswithBDD.updateUser" name="put" time="5.577"/>
  <system-out/>
</testsuite> <!-- ReqreswithBDD.updateUser -->
