<?xml version="1.0" encoding="UTF-8"?>
<!-- Generated by org.testng.reporters.JUnitReportReporter -->
<testsuite hostname="LAPTOP-D4RH5SI9" failures="0" tests="1" name="DiffWaysToPostRequest.usingJSONFileReqres" time="4.837" errors="0" timestamp="2023-12-20T16:30:00 GMT+05:30" skipped="0">
  <testcase classname="DiffWaysToPostRequest.usingJSONFileReqres" name="usingJsonFile" time="4.837"/>
  <system-out/>
</testsuite> <!-- DiffWaysToPostRequest.usingJSONFileReqres -->
