<?xml version="1.0" encoding="UTF-8"?>
<!-- Generated by org.testng.reporters.JUnitReportReporter -->
<testsuite hostname="LAPTOP-D4RH5SI9" failures="0" tests="1" name="Reqres.CRUDWithoutBDD" time="4.326" errors="0" timestamp="2023-12-24T16:17:47 GMT+05:30" skipped="0">
  <testcase classname="Reqres.CRUDWithoutBDD" name="createUser" time="4.326"/>
  <system-out/>
</testsuite> <!-- Reqres.CRUDWithoutBDD -->
