<?xml version="1.0" encoding="UTF-8"?>
<!-- Generated by org.testng.reporters.JUnitReportReporter -->
<testsuite hostname="LAPTOP-D4RH5SI9" failures="0" tests="1" name="SerialDeserialization.ArrayOfObjects" time="0.416" errors="0" timestamp="2023-12-26T21:54:20 GMT+05:30" skipped="0">
  <testcase classname="SerialDeserialization.ArrayOfObjects" name="deserialise" time="0.416"/>
  <system-out/>
</testsuite> <!-- SerialDeserialization.ArrayOfObjects -->
