<?xml version="1.0" encoding="UTF-8"?>
<!-- Generated by org.testng.reporters.JUnitReportReporter -->
<testsuite hostname="LAPTOP-D4RH5SI9" failures="0" tests="1" name="SerialDeserialization.ObjectInAnObject" time="0.477" errors="0" timestamp="2023-12-26T22:17:07 GMT+05:30" skipped="0">
  <testcase classname="SerialDeserialization.ObjectInAnObject" name="deserialise" time="0.477"/>
  <system-out/>
</testsuite> <!-- SerialDeserialization.ObjectInAnObject -->
