<?xml version="1.0" encoding="UTF-8"?>
<!-- Generated by org.testng.reporters.JUnitReportReporter -->
<testsuite hostname="LAPTOP-D4RH5SI9" failures="0" tests="1" name="Reqres.WaysToPostRequest" time="5.300" errors="0" timestamp="2023-12-24T17:29:17 GMT+05:30" skipped="0">
  <testcase classname="Reqres.WaysToPostRequest" name="pojoTest" time="5.300"/>
  <system-out/>
</testsuite> <!-- Reqres.WaysToPostRequest -->
