<?xml version="1.0" encoding="UTF-8"?>
<!-- Generated by org.testng.reporters.JUnitReportReporter -->
<testsuite hostname="LAPTOP-D4RH5SI9" failures="0" tests="1" name="Authentication.Oauth2" time="7.148" errors="0" timestamp="2023-12-22T11:26:00 GMT+05:30" skipped="0">
  <testcase classname="Authentication.Oauth2" name="oauth" time="7.148"/>
  <system-out/>
</testsuite> <!-- Authentication.Oauth2 -->
