<?xml version="1.0" encoding="UTF-8"?>
<!-- Generated by org.testng.reporters.JUnitReportReporter -->
<testsuite hostname="LAPTOP-D4RH5SI9" failures="0" tests="1" name="Parameters.pathParameter" time="5.159" errors="0" timestamp="2023-12-21T12:18:07 GMT+05:30" skipped="0">
  <testcase classname="Parameters.pathParameter" name="test" time="5.159"/>
  <system-out/>
</testsuite> <!-- Parameters.pathParameter -->
