<?xml version="1.0" encoding="UTF-8"?>
<!-- Generated by org.testng.reporters.JUnitReportReporter -->
<testsuite hostname="LAPTOP-D4RH5SI9" failures="0" tests="1" name="ReqreswithBDD.createUser" time="6.550" errors="0" timestamp="2023-12-20T15:53:48 GMT+05:30" skipped="0">
  <testcase classname="ReqreswithBDD.createUser" name="create" time="6.550"/>
  <system-out/>
</testsuite> <!-- ReqreswithBDD.createUser -->
