<?xml version="1.0" encoding="UTF-8"?>
<!-- Generated by org.testng.reporters.JUnitReportReporter -->
<testsuite hostname="LAPTOP-D4RH5SI9" failures="0" tests="1" name="CRUDwithBDD.putProject" time="4.078" errors="0" timestamp="2023-12-20T15:46:19 GMT+05:30" skipped="0">
  <testcase classname="CRUDwithBDD.putProject" name="put" time="4.078"/>
  <system-out/>
</testsuite> <!-- CRUDwithBDD.putProject -->
