<?xml version="1.0" encoding="UTF-8"?>
<!-- Generated by org.testng.reporters.JUnitReportReporter -->
<testsuite hostname="LAPTOP-D4RH5SI9" failures="0" tests="2" name="Mock.DataDrivenTesting" time="9.152" errors="0" timestamp="2024-01-01T16:09:38 GMT+05:30" skipped="0">
  <testcase classname="Mock.DataDrivenTesting" name="reqres" time="8.555"/>
  <system-out/>
  <testcase classname="Mock.DataDrivenTesting" name="reqres" time="0.597"/>
  <system-out/>
</testsuite> <!-- Mock.DataDrivenTesting -->
