<?xml version="1.0" encoding="UTF-8"?>
<!-- Generated by org.testng.reporters.JUnitReportReporter -->
<testsuite hostname="LAPTOP-D4RH5SI9" failures="0" tests="1" name="CRUDWithoutBDD.deleteProject" time="4.513" errors="0" timestamp="2023-12-20T12:47:09 GMT+05:30" skipped="0">
  <testcase classname="CRUDWithoutBDD.deleteProject" name="delete" time="4.513"/>
  <system-out/>
</testsuite> <!-- CRUDWithoutBDD.deleteProject -->
